SF:lib\data\models\recipe_details_model.dart
DA:5,0
DA:84,2
DA:85,4
DA:86,4
DA:87,4
DA:88,4
DA:89,4
DA:90,4
DA:91,4
DA:92,4
DA:93,4
DA:94,4
DA:95,4
DA:96,4
DA:97,4
DA:98,4
DA:99,4
DA:100,4
DA:101,4
DA:102,4
DA:103,12
DA:104,4
DA:105,4
DA:106,4
DA:107,4
DA:108,4
DA:109,4
DA:110,4
DA:111,8
DA:112,4
DA:113,8
DA:114,8
DA:115,8
DA:116,8
DA:117,8
DA:118,4
DA:119,12
DA:120,2
DA:121,4
DA:122,4
DA:125,0
DA:126,0
DA:127,0
DA:128,0
DA:129,0
DA:130,0
DA:131,0
DA:132,0
DA:133,0
DA:134,0
DA:135,0
DA:136,0
DA:137,0
DA:138,0
DA:139,0
DA:140,0
DA:141,0
DA:142,0
DA:143,0
DA:144,0
DA:145,0
DA:146,0
DA:147,0
DA:148,0
DA:149,0
DA:150,0
DA:151,0
DA:152,0
DA:153,0
DA:154,0
DA:155,0
DA:156,0
DA:157,0
DA:158,0
DA:159,0
DA:160,0
DA:161,0
DA:162,0
DA:163,0
DA:164,0
DA:170,0
DA:197,0
DA:198,0
DA:199,0
DA:200,0
DA:201,0
DA:202,0
DA:203,0
DA:204,0
DA:205,0
DA:206,0
DA:207,0
DA:208,0
DA:209,0
DA:212,0
DA:213,0
DA:214,0
DA:215,0
DA:216,0
DA:217,0
DA:218,0
DA:219,0
DA:220,0
DA:221,0
DA:222,0
DA:223,0
DA:224,0
DA:225,0
DA:231,0
DA:238,0
DA:239,0
DA:240,0
DA:243,0
DA:244,0
DA:245,0
DA:246,0
DA:252,0
DA:261,0
DA:262,0
DA:263,0
DA:264,0
DA:267,0
DA:268,0
DA:269,0
DA:270,0
DA:271,0
DA:277,0
DA:286,0
DA:287,0
DA:288,0
DA:289,0
DA:292,0
DA:293,0
DA:294,0
DA:295,0
DA:296,0
DA:302,0
DA:317,2
DA:318,12
DA:319,12
DA:320,12
DA:321,12
DA:322,8
DA:323,8
DA:326,0
DA:327,0
DA:328,0
DA:329,0
DA:330,0
DA:331,0
DA:332,0
DA:333,0
DA:339,0
DA:350,0
DA:351,0
DA:352,0
DA:353,0
DA:354,0
DA:357,0
DA:358,0
DA:359,0
DA:360,0
DA:361,0
DA:362,0
DA:368,0
DA:377,0
DA:378,0
DA:379,0
DA:380,0
DA:383,0
DA:384,0
DA:385,0
DA:386,0
DA:387,0
DA:393,0
DA:402,0
DA:403,0
DA:404,0
DA:405,0
DA:408,0
DA:409,0
DA:410,0
DA:411,0
DA:412,0
DA:418,0
DA:431,0
DA:432,0
DA:433,0
DA:434,0
DA:435,0
DA:436,0
DA:439,0
DA:440,0
DA:441,0
DA:442,0
DA:443,0
DA:444,0
DA:445,0
DA:451,0
DA:460,2
DA:461,4
DA:462,4
DA:463,4
DA:466,0
DA:467,0
DA:468,0
DA:469,0
DA:470,0
DA:476,0
DA:483,2
DA:484,4
DA:485,4
DA:488,0
DA:489,0
DA:490,0
DA:491,0
DA:497,0
DA:506,2
DA:507,8
DA:508,4
DA:509,8
DA:512,0
DA:513,0
DA:514,0
DA:515,0
DA:516,0
DA:522,0
DA:529,0
DA:530,0
DA:531,0
DA:534,0
DA:535,0
DA:536,0
DA:537,0
DA:543,0
DA:554,0
DA:555,0
DA:556,0
DA:557,0
DA:558,0
DA:561,0
DA:562,0
DA:563,0
DA:564,0
DA:565,0
DA:566,0
DA:572,0
DA:583,0
DA:584,0
DA:585,0
DA:586,0
DA:587,0
DA:590,0
DA:591,0
DA:592,0
DA:593,0
DA:594,0
DA:595,0
LF:258
LH:57
end_of_record
SF:lib\data\models\recipe_model.dart
DA:6,0
DA:17,2
DA:18,14
DA:19,4
DA:20,4
DA:21,4
DA:24,0
DA:25,0
DA:26,0
DA:27,0
DA:28,0
DA:29,0
DA:35,0
DA:46,2
DA:47,4
DA:48,4
DA:49,4
DA:50,4
DA:53,0
DA:54,0
DA:55,0
DA:56,0
DA:57,0
DA:58,0
LF:24
LH:10
end_of_record
SF:lib\data\repositories\api_provider.dart
DA:12,2
DA:14,2
DA:16,4
DA:17,4
DA:19,2
DA:20,1
DA:22,2
DA:26,2
DA:28,4
DA:29,2
DA:30,2
DA:32,2
DA:33,1
DA:35,2
DA:39,0
DA:40,0
LF:16
LH:14
end_of_record
SF:lib\bloc\recipe_bloc\recipe_bloc.dart
DA:11,3
DA:13,1
DA:16,2
DA:18,2
DA:19,2
DA:20,0
DA:22,3
DA:27,2
DA:29,2
DA:30,2
DA:31,0
DA:33,3
LF:12
LH:10
end_of_record
SF:lib\bloc\recipe_bloc\recipe_events.dart
DA:8,1
DA:14,1
LF:2
LH:2
end_of_record
SF:lib\bloc\recipe_bloc\recipe_states.dart
DA:8,1
DA:10,0
DA:11,0
DA:15,1
DA:16,1
DA:20,1
DA:21,1
DA:28,0
DA:30,0
DA:31,0
DA:33,0
DA:34,0
DA:40,0
DA:42,0
DA:43,0
DA:50,1
DA:52,1
DA:53,2
LF:18
LH:8
end_of_record
SF:lib\data\repositories\api_repository.dart
DA:11,1
DA:13,2
DA:19,1
DA:21,2
LF:4
LH:4
end_of_record
